<?xml version="1.0" encoding="UTF-8"?>
<!-- Generated by org.testng.reporters.JUnitXMLReporter -->
<testsuite hostname="DESKTOP-H6OAKCI" ignored="5" name="Default test" tests="1" failures="0" timestamp="12 Jul 2020 17:51:26 GMT" time="15.346" errors="0">
  <testcase name="loginWithParameters" time="6.334" classname="tests.HotelLogin"/>
  <testcase name="loginToHotelPage" time="0.0" classname="tests.HotelLogin">
    <ignored/>
  </testcase> <!-- loginToHotelPage -->
  <testcase name="testfive" time="0.0" classname="tests.HotelLogin">
    <ignored/>
  </testcase> <!-- testfive -->
  <testcase name="testfour" time="0.0" classname="tests.HotelLogin">
    <ignored/>
  </testcase> <!-- testfour -->
  <testcase name="testthree" time="0.0" classname="tests.HotelLogin">
    <ignored/>
  </testcase> <!-- testthree -->
  <testcase name="testsix" time="0.0" classname="tests.HotelLogin">
    <ignored/>
  </testcase> <!-- testsix -->
</testsuite> <!-- Default test -->
