<?xml version="1.0" encoding="UTF-8"?>
<!-- Generated by org.testng.reporters.JUnitXMLReporter -->
<testsuite hostname="DESKTOP-H6OAKCI" ignored="0" name="Parallel Tests" tests="4" failures="1" timestamp="12 Jul 2020 19:54:54 GMT" time="8.631" errors="0">
  <testcase name="edgeBrowser" time="4.351" classname="tests.ParallelExecution">
    <failure type="io.github.bonigarcia.wdm.WebDriverManagerException" message="io.github.bonigarcia.wdm.WebDriverManagerException: MicrosoftWebDriver.exe should be pre-installed in an elevated command prompt executing: dism /Online /Add-Capability /CapabilityName:Microsoft.WebDriver~~~~0.0.1.0">
      <![CDATA[io.github.bonigarcia.wdm.WebDriverManagerException: io.github.bonigarcia.wdm.WebDriverManagerException: MicrosoftWebDriver.exe should be pre-installed in an elevated command prompt executing: dism /Online /Add-Capability /CapabilityName:Microsoft.WebDriver~~~~0.0.1.0
at io.github.bonigarcia.wdm.WebDriverManager.handleException(WebDriverManager.java:725)
at io.github.bonigarcia.wdm.WebDriverManager.manage(WebDriverManager.java:548)
at io.github.bonigarcia.wdm.WebDriverManager.setup(WebDriverManager.java:260)
at tests.ParallelExecution.edgeBrowser(ParallelExecution.java:43)
at java.util.concurrent.ThreadPoolExecutor.runWorker(ThreadPoolExecutor.java:1149)
at java.util.concurrent.ThreadPoolExecutor$Worker.run(ThreadPoolExecutor.java:624)
at java.lang.Thread.run(Thread.java:748)
Caused by: io.github.bonigarcia.wdm.WebDriverManagerException: MicrosoftWebDriver.exe should be pre-installed in an elevated command prompt executing: dism /Online /Add-Capability /CapabilityName:Microsoft.WebDriver~~~~0.0.1.0
at io.github.bonigarcia.wdm.WebDriverManager.checkPreInstalledVersion(WebDriverManager.java:607)
at io.github.bonigarcia.wdm.WebDriverManager.manage(WebDriverManager.java:508)
... 15 more
... Removed 10 stack frames]]>
    </failure>
  </testcase> <!-- edgeBrowser -->
  <testcase name="internetExpBrowser" time="4.451" classname="tests.ParallelExecution"/>
  <testcase name="chromeBrowser" time="8.61" classname="tests.ParallelExecution"/>
  <testcase name="fireFoxBrowser" time="8.611" classname="tests.ParallelExecution"/>
</testsuite> <!-- Parallel Tests -->
